<?xml version="1.0" encoding="UTF-8"?>
<!-- Generated by org.testng.reporters.JUnitReportReporter -->
<testsuite hostname="VIJAY" failures="1" tests="2" name="ats_Test.ATS_Super_Admin" time="131.896" errors="0" timestamp="2024-08-11T18:31:25 IST" skipped="0">
  <testcase classname="ats_Test.ATS_Super_Admin" name="superAdmin_viewEditDeleteCompany" time="48.241"/>
  <system-out>
    <![CDATA[Clicked on Comapnies
Clicked on View Company Info]]>
  </system-out>
  <testcase classname="ats_Test.ATS_Super_Admin" name="superAdmin_CompanyCreation" time="83.655">
    <failure message="TC Failed expected [Alliance International Services FAQ] but found [Ritchie, Goldner and O&#039;Conner]" type="java.lang.AssertionError">
      <![CDATA[java.lang.AssertionError: TC Failed expected [Alliance International Services FAQ] but found [Ritchie, Goldner and O'Conner]
at org.testng.Assert.fail(Assert.java:110)
at org.testng.Assert.failNotEquals(Assert.java:1577)
at org.testng.Assert.assertEqualsImpl(Assert.java:149)
at org.testng.Assert.assertEquals(Assert.java:131)
at org.testng.Assert.assertEquals(Assert.java:655)
at ats_Test.ATS_Super_Admin.superAdmin_CompanyCreation(ATS_Super_Admin.java:148)
at java.base/jdk.internal.reflect.NativeMethodAccessorImpl.invoke0(Native Method)
at java.base/jdk.internal.reflect.NativeMethodAccessorImpl.invoke(NativeMethodAccessorImpl.java:77)
at java.base/jdk.internal.reflect.DelegatingMethodAccessorImpl.invoke(DelegatingMethodAccessorImpl.java:43)
at java.base/java.lang.reflect.Method.invoke(Method.java:568)
at org.testng.internal.invokers.MethodInvocationHelper.invokeMethod(MethodInvocationHelper.java:139)
at org.testng.internal.invokers.TestInvoker.invokeMethod(TestInvoker.java:677)
at org.testng.internal.invokers.TestInvoker.invokeTestMethod(TestInvoker.java:221)
at org.testng.internal.invokers.MethodRunner.runInSequence(MethodRunner.java:50)
at org.testng.internal.invokers.TestInvoker$MethodInvocationAgent.invoke(TestInvoker.java:969)
at org.testng.internal.invokers.TestInvoker.invokeTestMethods(TestInvoker.java:194)
at org.testng.internal.invokers.TestMethodWorker.invokeTestMethods(TestMethodWorker.java:148)
at org.testng.internal.invokers.TestMethodWorker.run(TestMethodWorker.java:128)
at java.base/java.util.ArrayList.forEach(ArrayList.java:1511)
at org.testng.TestRunner.privateRun(TestRunner.java:829)
at org.testng.TestRunner.run(TestRunner.java:602)
at org.testng.SuiteRunner.runTest(SuiteRunner.java:437)
at org.testng.SuiteRunner.runSequentially(SuiteRunner.java:431)
at org.testng.SuiteRunner.privateRun(SuiteRunner.java:391)
at org.testng.SuiteRunner.run(SuiteRunner.java:330)
at org.testng.SuiteRunnerWorker.runSuite(SuiteRunnerWorker.java:52)
at org.testng.SuiteRunnerWorker.run(SuiteRunnerWorker.java:95)
at org.testng.TestNG.runSuitesSequentially(TestNG.java:1256)
at org.testng.TestNG.runSuitesLocally(TestNG.java:1176)
at org.testng.TestNG.runSuites(TestNG.java:1099)
at org.testng.TestNG.run(TestNG.java:1067)
at org.testng.remote.AbstractRemoteTestNG.run(AbstractRemoteTestNG.java:115)
at org.testng.remote.RemoteTestNG.initAndRun(RemoteTestNG.java:251)
at org.testng.remote.RemoteTestNG.main(RemoteTestNG.java:77)
]]>
    </failure>
  </testcase> <!-- superAdmin_CompanyCreation -->
  <system-out>
    <![CDATA[Clicked on Comapnies
Clicked on Create Company
Entered Company Name
Entered Company Email ID
Entered Company's Phone Number
Entered Company's Website
Selected Company's TimeZone
Selected Company's Language
Selected Company's Currency
Clicked on Default CheckBox
Entered Company's Address
Entered Company's Latitude
Entered Company's Longitude
Entered Password
Entered Confirmed Password
Clicked on Submit Button
Clicked on All Companies Button]]>
  </system-out>
</testsuite> <!-- ats_Test.ATS_Super_Admin -->
