<?xml version="1.0" encoding="UTF-8"?>
<!-- Generated by org.testng.reporters.JUnitReportReporter -->
<testsuite hostname="VIJAY" failures="0" tests="1" name="ats_Test.ATS_TestClass" time="32.545" errors="0" timestamp="2024-08-01T06:30:57 IST" skipped="0">
  <testcase classname="ats_Test.ATS_TestClass" name="validate_actions" time="32.545"/>
  <system-out/>
</testsuite> <!-- ats_Test.ATS_TestClass -->
