<?xml version="1.0" encoding="UTF-8"?>
<!-- Generated by org.testng.reporters.JUnitReportReporter -->
<testsuite hostname="VIJAY" failures="0" tests="1" name="ats_Test.ATS_TestClass" time="46.013" errors="0" timestamp="2024-08-01T23:06:12 IST" skipped="0">
  <testcase classname="ats_Test.ATS_TestClass" name="validate_actions" time="46.013"/>
  <system-out/>
</testsuite> <!-- ats_Test.ATS_TestClass -->
