<?xml version="1.0" encoding="UTF-8"?>
<!-- Generated by org.testng.reporters.JUnitReportReporter -->
<testsuite hostname="VIJAY" failures="0" tests="1" name="ats_Test.ATS_TestClass" time="38.917" errors="0" timestamp="2024-08-04T12:54:54 IST" skipped="0">
  <testcase classname="ats_Test.ATS_TestClass" name="validate_actions" time="38.917"/>
  <system-out>
    <![CDATA[Reading data from excelsheet
Reading data from excelsheet
Taking ScreenShot
Saved ScreenShot atC:\Users\vijay\Desktop\Class Notes\Practice Work\coverFoxvalidate_actions_04.08.2024.12.54.52.png]]>
  </system-out>
</testsuite> <!-- ats_Test.ATS_TestClass -->
