<?xml version="1.0" encoding="UTF-8"?>
<!-- Generated by org.testng.reporters.JUnitReportReporter -->
<testsuite hostname="VIJAY" failures="0" tests="2" name="ats_Test.ATS_TestClass" time="64.878" errors="0" timestamp="2024-08-09T00:22:58 IST" skipped="1">
  <testcase classname="ats_Test.ATS_TestClass" name="validate_ClientCreation" time="64.878"/>
  <system-out>
    <![CDATA[Reading data from excelsheet
Reading data from excelsheet
Reading data from excelsheet
Reading data from excelsheet
Reading data from excelsheet
Reading data from excelsheet
Reading data from excelsheet
Reading data from excelsheet
Reading data from excelsheet
Reading data from excelsheet
Reading data from excelsheet
Reading data from excelsheet
Taking ScreenShot
Saved ScreenShot atC:\Users\vijay\Desktop\Class Notes\Practice Work\ATSvalidate_ClientCreation_09.08.2024.00.22.56.png]]>
  </system-out>
  <testcase classname="ats_Test.ATS_TestClass" name="validate_MeetingCreation">
    <skipped/>
  </testcase> <!-- validate_MeetingCreation -->
  <system-out/>
</testsuite> <!-- ats_Test.ATS_TestClass -->
