<?xml version="1.0" encoding="UTF-8"?>
<!-- Generated by org.testng.reporters.JUnitReportReporter -->
<testsuite hostname="VIJAY" failures="0" tests="2" name="ats_Test.ATS_TestClass" time="85.365" errors="0" timestamp="2024-08-11T18:38:33 IST" skipped="1">
  <testcase classname="ats_Test.ATS_TestClass" name="validate_ClientCreation" time="85.365"/>
  <system-out>
    <![CDATA[Clicked on Client
Clicked on Create Client
Entered the Company Name
Entered Mobile Number
Entered Fax Number
Entered Company Website
Industry Selected
Source Selected
About Company Entered
Entered Street Name
Entered City Name
Entered State Name
Entered Zip Code
Country Selected
Reading data from excelsheet
Contract Uploaded
Reading data from excelsheet
Attached Other uploaded
Clicked on Submit Button
Company Creation Varification Success!!!! Test Case Passed]]>
  </system-out>
  <testcase classname="ats_Test.ATS_TestClass" name="validate_MeetingCreation">
    <skipped/>
  </testcase> <!-- validate_MeetingCreation -->
  <system-out/>
</testsuite> <!-- ats_Test.ATS_TestClass -->
